<?xml version="1.0" encoding="UTF-8"?>
<testsuite name="myRandom.MyStringBuilderTest" tests="1" skipped="0" failures="0" errors="0" timestamp="2023-10-22T14:21:08" hostname="hwangseonghun-ui-MacBookPro.local" time="0.065">
  <properties/>
  <testcase name="Using_StringBuilder_Join()" classname="myRandom.MyStringBuilderTest" time="0.065"/>
  <system-out><![CDATA[]]></system-out>
  <system-err><![CDATA[]]></system-err>
</testsuite>
