<?xml version="1.0" encoding="UTF-8"?>
<testsuite name="myRandom.MyTest" tests="1" skipped="0" failures="0" errors="0" timestamp="2023-10-12T05:33:33" hostname="hwangseonghun-ui-MacBookPro.local" time="1.025">
  <properties/>
  <testcase name="Argument_Eqauls_Random_Numbers_In_Range()" classname="myRandom.MyTest" time="1.025"/>
  <system-out><![CDATA[pickedUniqueNumbers = [1, 2, 3]
pickedUniqueNumbersB = [4, 5, 6]
pickedUniqueNumbersC = [7, 8, 9]
]]></system-out>
  <system-err><![CDATA[]]></system-err>
</testsuite>
