<?xml version="1.0" encoding="UTF-8"?>
<testsuite name="TempTest" tests="1" skipped="0" failures="0" errors="0" timestamp="2023-10-23T16:50:03" hostname="hwangseonghun-ui-MacBookPro.local" time="0.031">
  <properties/>
  <testcase name="compare()" classname="TempTest" time="0.031"/>
  <system-out><![CDATA[tripleBall.getDigit() = 0tripleBall.getValue() = 0
tripleBall.getDigit() = 1tripleBall.getValue() = 0
tripleBall.getDigit() = 2tripleBall.getValue() = 0
0
0
]]></system-out>
  <system-err><![CDATA[]]></system-err>
</testsuite>
