<?xml version="1.0" encoding="UTF-8"?>
<testsuite name="TempTest" tests="1" skipped="0" failures="0" errors="0" timestamp="2023-10-24T00:37:28" hostname="hwangseonghun-ui-MacBookPro.local" time="0.081">
  <properties/>
  <testcase name="예외_발생_IllegalArugumentException_확인()" classname="TempTest" time="0.081"/>
  <system-out><![CDATA[]]></system-out>
  <system-err><![CDATA[]]></system-err>
</testsuite>
