<?xml version="1.0" encoding="UTF-8"?>
<testsuite name="requestTemplate.NewTemporaryTest" tests="1" skipped="0" failures="0" errors="0" timestamp="2023-12-03T07:17:35" hostname="hwangseonghun-ui-MacBookPro.local" time="0.021">
  <properties/>
  <testcase name="sum_Test()" classname="requestTemplate.NewTemporaryTest" time="0.021"/>
  <system-out><![CDATA[3
96
]]></system-out>
  <system-err><![CDATA[]]></system-err>
</testsuite>
