<?xml version="1.0" encoding="UTF-8"?>
<testsuite name="remind.ModelTest" tests="1" skipped="0" failures="0" errors="0" timestamp="2023-10-26T10:06:32" hostname="hwangseonghun-ui-MacBookPro.local" time="0.024">
  <properties/>
  <testcase name="test_Hash_Map_Characteristic()" classname="remind.ModelTest" time="0.024"/>
  <system-out><![CDATA[3
]]></system-out>
  <system-err><![CDATA[]]></system-err>
</testsuite>
