<?xml version="1.0" encoding="UTF-8"?>
<testsuite name="controllertest.ControllerTest" tests="1" skipped="0" failures="0" errors="0" timestamp="2023-10-21T01:21:12" hostname="hwangseonghun-ui-MacBookPro.local" time="0.968">
  <properties/>
  <testcase name="생성된_객체_내부_인스턴스_메서드에서_다른_클래스_함수_호출()" classname="controllertest.ControllerTest" time="0.968"/>
  <system-out><![CDATA[mocked = 2
mocked = 4
mocked = 100
mocked = 200
]]></system-out>
  <system-err><![CDATA[]]></system-err>
</testsuite>
