<?xml version="1.0" encoding="UTF-8"?>
<testsuite name="refactorChristmas.TemporTest" tests="1" skipped="0" failures="0" errors="0" timestamp="2023-12-04T07:27:22" hostname="hwangseonghun-ui-MacBookPro.local" time="0.021">
  <properties/>
  <testcase name="flo()" classname="refactorChristmas.TemporTest" time="0.021"/>
  <system-out><![CDATA[1
]]></system-out>
  <system-err><![CDATA[]]></system-err>
</testsuite>
