<?xml version="1.0" encoding="UTF-8"?>
<testsuite name="review.PersonTest" tests="1" skipped="0" failures="0" errors="0" timestamp="2023-10-17T01:41:47" hostname="hwangseonghun-ui-MacBookPro.local" time="0.078">
  <properties/>
  <testcase name="compare_String_Join_And_StringJoiner()" classname="review.PersonTest" time="0.078"/>
  <system-out><![CDATA[]]></system-out>
  <system-err><![CDATA[]]></system-err>
</testsuite>
